2025-05-11 16:07:43,188 - DEBUG - Created database directory: c:\Users\Admin\med_1\database
2025-05-11 16:07:43,189 - DEBUG - Creating new database at c:\Users\Admin\med_1\database\medical_shop.db
2025-05-11 16:07:43,211 - DEBUG - Database initialized at c:\Users\Admin\med_1\database\medical_shop.db
2025-05-11 16:08:15,042 - DEBUG - Database connection established
2025-05-11 16:08:23,670 - DEBUG - Database connection established
2025-05-11 16:14:13,135 - DEBUG - Database connection established
2025-05-11 16:14:20,008 - DEBUG - Database connection established
2025-05-11 16:14:21,515 - DEBUG - Database connection established
2025-05-11 16:14:21,517 - ERROR - Error fetching bill history: bill_history.html
2025-05-11 16:14:21,525 - DEBUG - Database connection established
2025-05-11 16:28:32,673 - DEBUG - Existing database file is valid: c:\Users\Admin\med_1\database\medical_shop.db
2025-05-11 16:28:32,673 - DEBUG - Database initialized at c:\Users\Admin\med_1\database\medical_shop.db
2025-05-11 16:28:39,753 - DEBUG - Database connection established
2025-05-11 16:28:42,537 - DEBUG - Database connection established
2025-05-11 16:28:42,539 - DEBUG - Successfully fetched 5 bills
2025-05-11 16:28:42,539 - ERROR - Error fetching bill history: bill_history.html
Traceback (most recent call last):
  File "c:\Users\Admin\med_1\app.py", line 275, in bill_history
    return render_template('bill_history.html', bills=bills_dict.values())
           ^^^^^^^^^^^^^^^^^^^^^^^^^^^^^^^^^^^^^^^^^^^^^^^^^^^^^^^^^^^^^^^
  File "C:\Users\Admin\med_1\.venv\Lib\site-packages\flask\templating.py", line 150, in render_template
    template = app.jinja_env.get_or_select_template(template_name_or_list)
               ^^^^^^^^^^^^^^^^^^^^^^^^^^^^^^^^^^^^^^^^^^^^^^^^^^^^^^^^^^^
  File "C:\Users\Admin\med_1\.venv\Lib\site-packages\jinja2\environment.py", line 1087, in get_or_select_template
    return self.get_template(template_name_or_list, parent, globals)
           ^^^^^^^^^^^^^^^^^^^^^^^^^^^^^^^^^^^^^^^^^^^^^^^^^^^^^^^^^
  File "C:\Users\Admin\med_1\.venv\Lib\site-packages\jinja2\environment.py", line 1016, in get_template
    return self._load_template(name, globals)
           ^^^^^^^^^^^^^^^^^^^^^^^^^^^^^^^^^^
  File "C:\Users\Admin\med_1\.venv\Lib\site-packages\jinja2\environment.py", line 975, in _load_template
    template = self.loader.load(self, name, self.make_globals(globals))
               ^^^^^^^^^^^^^^^^^^^^^^^^^^^^^^^^^^^^^^^^^^^^^^^^^^^^^^^^
  File "C:\Users\Admin\med_1\.venv\Lib\site-packages\jinja2\loaders.py", line 126, in load
    source, filename, uptodate = self.get_source(environment, name)
                                 ^^^^^^^^^^^^^^^^^^^^^^^^^^^^^^^^^^
  File "C:\Users\Admin\med_1\.venv\Lib\site-packages\flask\templating.py", line 64, in get_source
    return self._get_source_fast(environment, template)
           ^^^^^^^^^^^^^^^^^^^^^^^^^^^^^^^^^^^^^^^^^^^^
  File "C:\Users\Admin\med_1\.venv\Lib\site-packages\flask\templating.py", line 98, in _get_source_fast
    raise TemplateNotFound(template)
jinja2.exceptions.TemplateNotFound: bill_history.html
2025-05-11 16:28:42,560 - DEBUG - Database connection established
2025-05-11 16:28:44,852 - DEBUG - Database connection established
2025-05-11 16:29:12,679 - DEBUG - Database connection established
2025-05-11 16:29:12,713 - DEBUG - Database connection established
2025-05-11 16:29:16,526 - DEBUG - Database connection established
2025-05-11 16:29:16,535 - DEBUG - Successfully fetched 6 bills
2025-05-11 16:29:16,535 - ERROR - Error fetching bill history: bill_history.html
Traceback (most recent call last):
  File "c:\Users\Admin\med_1\app.py", line 275, in bill_history
    return render_template('bill_history.html', bills=bills_dict.values())
           ^^^^^^^^^^^^^^^^^^^^^^^^^^^^^^^^^^^^^^^^^^^^^^^^^^^^^^^^^^^^^^^
  File "C:\Users\Admin\med_1\.venv\Lib\site-packages\flask\templating.py", line 150, in render_template
    template = app.jinja_env.get_or_select_template(template_name_or_list)
               ^^^^^^^^^^^^^^^^^^^^^^^^^^^^^^^^^^^^^^^^^^^^^^^^^^^^^^^^^^^
  File "C:\Users\Admin\med_1\.venv\Lib\site-packages\jinja2\environment.py", line 1087, in get_or_select_template
    return self.get_template(template_name_or_list, parent, globals)
           ^^^^^^^^^^^^^^^^^^^^^^^^^^^^^^^^^^^^^^^^^^^^^^^^^^^^^^^^^
  File "C:\Users\Admin\med_1\.venv\Lib\site-packages\jinja2\environment.py", line 1016, in get_template
    return self._load_template(name, globals)
           ^^^^^^^^^^^^^^^^^^^^^^^^^^^^^^^^^^
  File "C:\Users\Admin\med_1\.venv\Lib\site-packages\jinja2\environment.py", line 975, in _load_template
    template = self.loader.load(self, name, self.make_globals(globals))
               ^^^^^^^^^^^^^^^^^^^^^^^^^^^^^^^^^^^^^^^^^^^^^^^^^^^^^^^^
  File "C:\Users\Admin\med_1\.venv\Lib\site-packages\jinja2\loaders.py", line 126, in load
    source, filename, uptodate = self.get_source(environment, name)
                                 ^^^^^^^^^^^^^^^^^^^^^^^^^^^^^^^^^^
  File "C:\Users\Admin\med_1\.venv\Lib\site-packages\flask\templating.py", line 64, in get_source
    return self._get_source_fast(environment, template)
           ^^^^^^^^^^^^^^^^^^^^^^^^^^^^^^^^^^^^^^^^^^^^
  File "C:\Users\Admin\med_1\.venv\Lib\site-packages\flask\templating.py", line 98, in _get_source_fast
    raise TemplateNotFound(template)
jinja2.exceptions.TemplateNotFound: bill_history.html
2025-05-11 16:29:16,550 - DEBUG - Database connection established
2025-05-11 16:29:33,202 - DEBUG - Database connection established
2025-05-11 16:29:34,993 - DEBUG - Database connection established
2025-05-11 16:29:35,001 - DEBUG - Successfully fetched 6 bills
2025-05-11 16:29:35,001 - ERROR - Error fetching bill history: bill_history.html
Traceback (most recent call last):
  File "c:\Users\Admin\med_1\app.py", line 275, in bill_history
    return render_template('bill_history.html', bills=bills_dict.values())
           ^^^^^^^^^^^^^^^^^^^^^^^^^^^^^^^^^^^^^^^^^^^^^^^^^^^^^^^^^^^^^^^
  File "C:\Users\Admin\med_1\.venv\Lib\site-packages\flask\templating.py", line 150, in render_template
    template = app.jinja_env.get_or_select_template(template_name_or_list)
               ^^^^^^^^^^^^^^^^^^^^^^^^^^^^^^^^^^^^^^^^^^^^^^^^^^^^^^^^^^^
  File "C:\Users\Admin\med_1\.venv\Lib\site-packages\jinja2\environment.py", line 1087, in get_or_select_template
    return self.get_template(template_name_or_list, parent, globals)
           ^^^^^^^^^^^^^^^^^^^^^^^^^^^^^^^^^^^^^^^^^^^^^^^^^^^^^^^^^
  File "C:\Users\Admin\med_1\.venv\Lib\site-packages\jinja2\environment.py", line 1016, in get_template
    return self._load_template(name, globals)
           ^^^^^^^^^^^^^^^^^^^^^^^^^^^^^^^^^^
  File "C:\Users\Admin\med_1\.venv\Lib\site-packages\jinja2\environment.py", line 975, in _load_template
    template = self.loader.load(self, name, self.make_globals(globals))
               ^^^^^^^^^^^^^^^^^^^^^^^^^^^^^^^^^^^^^^^^^^^^^^^^^^^^^^^^
  File "C:\Users\Admin\med_1\.venv\Lib\site-packages\jinja2\loaders.py", line 126, in load
    source, filename, uptodate = self.get_source(environment, name)
                                 ^^^^^^^^^^^^^^^^^^^^^^^^^^^^^^^^^^
  File "C:\Users\Admin\med_1\.venv\Lib\site-packages\flask\templating.py", line 64, in get_source
    return self._get_source_fast(environment, template)
           ^^^^^^^^^^^^^^^^^^^^^^^^^^^^^^^^^^^^^^^^^^^^
  File "C:\Users\Admin\med_1\.venv\Lib\site-packages\flask\templating.py", line 98, in _get_source_fast
    raise TemplateNotFound(template)
jinja2.exceptions.TemplateNotFound: bill_history.html
2025-05-11 16:29:35,025 - DEBUG - Database connection established
2025-05-11 16:31:39,873 - DEBUG - Database connection established
2025-05-11 16:31:41,220 - DEBUG - Database connection established
2025-05-11 16:31:41,220 - DEBUG - Successfully fetched 6 bills
2025-05-11 16:31:41,220 - ERROR - Error fetching bill history: bill_history.html
Traceback (most recent call last):
  File "c:\Users\Admin\med_1\app.py", line 275, in bill_history
    return render_template('bill_history.html', bills=bills_dict.values())
           ^^^^^^^^^^^^^^^^^^^^^^^^^^^^^^^^^^^^^^^^^^^^^^^^^^^^^^^^^^^^^^^
  File "C:\Users\Admin\med_1\.venv\Lib\site-packages\flask\templating.py", line 150, in render_template
    template = app.jinja_env.get_or_select_template(template_name_or_list)
               ^^^^^^^^^^^^^^^^^^^^^^^^^^^^^^^^^^^^^^^^^^^^^^^^^^^^^^^^^^^
  File "C:\Users\Admin\med_1\.venv\Lib\site-packages\jinja2\environment.py", line 1087, in get_or_select_template
    return self.get_template(template_name_or_list, parent, globals)
           ^^^^^^^^^^^^^^^^^^^^^^^^^^^^^^^^^^^^^^^^^^^^^^^^^^^^^^^^^
  File "C:\Users\Admin\med_1\.venv\Lib\site-packages\jinja2\environment.py", line 1016, in get_template
    return self._load_template(name, globals)
           ^^^^^^^^^^^^^^^^^^^^^^^^^^^^^^^^^^
  File "C:\Users\Admin\med_1\.venv\Lib\site-packages\jinja2\environment.py", line 975, in _load_template
    template = self.loader.load(self, name, self.make_globals(globals))
               ^^^^^^^^^^^^^^^^^^^^^^^^^^^^^^^^^^^^^^^^^^^^^^^^^^^^^^^^
  File "C:\Users\Admin\med_1\.venv\Lib\site-packages\jinja2\loaders.py", line 126, in load
    source, filename, uptodate = self.get_source(environment, name)
                                 ^^^^^^^^^^^^^^^^^^^^^^^^^^^^^^^^^^
  File "C:\Users\Admin\med_1\.venv\Lib\site-packages\flask\templating.py", line 64, in get_source
    return self._get_source_fast(environment, template)
           ^^^^^^^^^^^^^^^^^^^^^^^^^^^^^^^^^^^^^^^^^^^^
  File "C:\Users\Admin\med_1\.venv\Lib\site-packages\flask\templating.py", line 98, in _get_source_fast
    raise TemplateNotFound(template)
jinja2.exceptions.TemplateNotFound: bill_history.html
2025-05-11 16:31:41,237 - DEBUG - Database connection established
